<?xml version="1.0" encoding="UTF-8"?>
<!-- Generated by org.testng.reporters.JUnitReportReporter -->
<testsuite skipped="0" hostname="PRSA-BLR-01" name="com.quora.Test.QuoraFlow" tests="1" failures="0" timestamp="22 Feb 2019 11:18:04 GMT" time="3.110" errors="0">
  <testcase name="probes" time="3.110" classname="com.quora.Test.QuoraFlow"/>
</testsuite> <!-- com.quora.Test.QuoraFlow -->
